[18/01 16:00 UTC] START  LeoCx1000
[18/01 16:57 UTC] PAUSE  LeoCx1000
[18/01 17:11 UTC] RESUME LeoCx1000
[18/01 17:30 UTC] PAUSE  LeoCx1000
[19/01 01:21 UTC] RESUME LeoCx1000
[19/01 02:05 UTC] PAUSE  LeoCx1000
[19/01 15:48 UTC] RESUME LeoCx1000
[19/01 17:14 UTC] DONE   LeoCx1000
[---------------] ----------------
[20/01 13:05 UTC] START  Luke W
[20/01 13:25 UTC] PAUSE  Luke W
[20/01 17:35 UTC] RESUME Luke W
[20/01 18:35 UTC] PAUSE  Luke W
[23/01 21:00 UTC] RESUME Luke W
[23/01 22:00 UTC] PAUSE  Luke W
[24/01 11:00 UTC] RESUME Luke W
[24/01 11:25 UTC] PAUSE  Luke W
[24/01 20:00 UTC] RESUME Luke W
[24/01 21:20 UTC] DONE   Luke W
[---------------] ----------------
[25/01 12:42 UTC] START cibere
[25/01 01:04 UTC] PAUSE cibere
[25/01 20:08 UTC] RESUME cibere
[25/01 20:57 UTC] DONE cibere
[---------------]-----------------
[03/03 19:25 EST] START fretgfr
[03/03 20:27 EST] PAUSE fretgfr
[03/05 13:21 EST] RESUME fretgfr
[03/05 14:26 EST] Done fretgfr